<?xml version="1.0" encoding="UTF-8"?>
<!-- Generated by org.testng.reporters.JUnitXMLReporter -->
<testsuite ignored="1" hostname="LAPTOP-RBDFPJS2" failures="0" tests="6" name="ChromeTest" time="0.052" errors="0" timestamp="2023-02-01T23:52:29 IST">
  <testcase classname="TestNgPack.HeenaKachorTest" name="@BeforeTest beforeTest" time="-1.675275749825E9">
    <failure type="org.testng.TestNGException" message="
Parameter &amp;apos;browser123&amp;apos; is required by BeforeTest on method beforeTest but has not been marked @Optional or defined
in C:\Users\Admin\eclipse-workspace-2021-06\PinterestProject1\testng.xml">
      <![CDATA[org.testng.TestNGException: 
Parameter 'browser123' is required by BeforeTest on method beforeTest but has not been marked @Optional or defined
in C:\Users\Admin\eclipse-workspace-2021-06\PinterestProject1\testng.xml
... Removed 21 stack frames]]>
    </failure>
  </testcase> <!-- @BeforeTest beforeTest -->
  <testcase classname="TestNgPack.HeenaKachorTest1$HeenaKachorTest" name="@BeforeTest beforeTest" time="-1.675275749833E9">
    <skipped/>
  </testcase> <!-- @BeforeTest beforeTest -->
  <testcase classname="TestNgPack.HeenaKachorTest" name="@BeforeClass createPOMObject" time="-1.675275749845E9">
    <skipped/>
  </testcase> <!-- @BeforeClass createPOMObject -->
  <testcase classname="TestNgPack.HeenaKachorTest" name="@BeforeMethod beforeMethod" time="-1.675275749853E9">
    <skipped/>
  </testcase> <!-- @BeforeMethod beforeMethod -->
  <testcase classname="TestNgPack.HeenaKachorTest1$HeenaKachorTest" name="@BeforeClass beforeClass" time="-1.675275749857E9">
    <skipped/>
  </testcase> <!-- @BeforeClass beforeClass -->
  <testcase classname="TestNgPack.HeenaKachorTest1$HeenaKachorTest" name="@BeforeMethod beforeMethod" time="-1.675275749858E9">
    <skipped/>
  </testcase> <!-- @BeforeMethod beforeMethod -->
  <testcase classname="TestNgPack.HeenaKachorTest1$HeenaKachorTest" name="@AfterMethod afterMethod" time="-1.675275749861E9">
    <skipped/>
  </testcase> <!-- @AfterMethod afterMethod -->
  <testcase classname="TestNgPack.HeenaKachorTest" name="@BeforeMethod beforeMethod" time="-1.675275749862E9">
    <skipped/>
  </testcase> <!-- @BeforeMethod beforeMethod -->
  <testcase classname="TestNgPack.HeenaKachorTest" name="@AfterClass nullObject" time="-1.675275749864E9">
    <skipped/>
  </testcase> <!-- @AfterClass nullObject -->
  <testcase classname="TestNgPack.HeenaKachorTest1$HeenaKachorTest" name="@BeforeMethod beforeMethod" time="-1.675275749864E9">
    <skipped/>
  </testcase> <!-- @BeforeMethod beforeMethod -->
  <testcase classname="TestNgPack.HeenaKachorTest1$HeenaKachorTest" name="@AfterMethod afterMethod" time="-1.675275749866E9">
    <skipped/>
  </testcase> <!-- @AfterMethod afterMethod -->
  <testcase classname="TestNgPack.HeenaKachorTest1$HeenaKachorTest" name="@BeforeMethod beforeMethod" time="-1.675275749866E9">
    <skipped/>
  </testcase> <!-- @BeforeMethod beforeMethod -->
  <testcase classname="TestNgPack.HeenaKachorTest1$HeenaKachorTest" name="@AfterMethod afterMethod" time="-1.675275749868E9">
    <skipped/>
  </testcase> <!-- @AfterMethod afterMethod -->
  <testcase classname="TestNgPack.HeenaKachorTest1$HeenaKachorTest" name="@BeforeMethod beforeMethod" time="-1.675275749868E9">
    <skipped/>
  </testcase> <!-- @BeforeMethod beforeMethod -->
  <testcase classname="TestNgPack.HeenaKachorTest1$HeenaKachorTest" name="@AfterMethod afterMethod" time="-1.675275749873E9">
    <skipped/>
  </testcase> <!-- @AfterMethod afterMethod -->
  <testcase classname="TestNgPack.HeenaKachorTest1$HeenaKachorTest" name="@AfterClass afterClass" time="-1.675275749873E9">
    <skipped/>
  </testcase> <!-- @AfterClass afterClass -->
  <testcase classname="TestNgPack.HeenaKachorTest" name="@AfterTest afterClass" time="-1.675275749873E9">
    <skipped/>
  </testcase> <!-- @AfterTest afterClass -->
  <testcase classname="TestNgPack.HeenaKachorTest1$HeenaKachorTest" name="@AfterTest afterTest" time="-1.675275749874E9">
    <skipped/>
  </testcase> <!-- @AfterTest afterTest -->
  <testcase classname="TestNgPack.HeenaKachorTest" name="test2" time="0.0">
    <skipped/>
  </testcase> <!-- test2 -->
  <testcase classname="TestNgPack.HeenaKachorTest1$HeenaKachorTest" name="test2" time="0.0">
    <skipped/>
  </testcase> <!-- test2 -->
  <testcase classname="TestNgPack.HeenaKachorTest" name="test1" time="0.0">
    <skipped/>
  </testcase> <!-- test1 -->
  <testcase classname="TestNgPack.HeenaKachorTest1$HeenaKachorTest" name="test1" time="0.0">
    <skipped/>
  </testcase> <!-- test1 -->
  <testcase classname="TestNgPack.HeenaKachorTest1$HeenaKachorTest" name="test3" time="0.0">
    <skipped/>
  </testcase> <!-- test3 -->
  <testcase classname="TestNgPack.HeenaKachorTest1$HeenaKachorTest" name="test4" time="0.0">
    <skipped/>
  </testcase> <!-- test4 -->
  <testcase classname="TestNgPack.HeenaKachorTest" name="test" time="0.0">
    <ignored/>
  </testcase> <!-- test -->
</testsuite> <!-- ChromeTest -->
