<?xml version="1.0" encoding="UTF-8"?>
<!-- Generated by org.testng.reporters.JUnitXMLReporter -->
<testsuite ignored="1" hostname="LAPTOP-RBDFPJS2" failures="0" tests="5" name="Test" time="32.636" errors="0" timestamp="2023-01-26T11:04:50 IST">
  <testcase classname="TestNgPack.HeenaKachorTest" name="test2" time="4.694"/>
  <testcase classname="TestNgPack.HeenaKachorTest1$HeenaKachorTest" name="test3" time="2.253"/>
  <testcase classname="TestNgPack.HeenaKachorTest" name="test1" time="11.885"/>
  <testcase classname="TestNgPack.HeenaKachorTest1$HeenaKachorTest" name="test4" time="2.232"/>
  <testcase classname="TestNgPack.HeenaKachorTest1$HeenaKachorTest" name="test5" time="1.544"/>
  <testcase classname="TestNgPack.HeenaKachorTest" name="test" time="0.0">
    <ignored/>
  </testcase> <!-- test -->
</testsuite> <!-- Test -->
