<?xml version="1.0" encoding="UTF-8"?>
<!-- Generated by org.testng.reporters.JUnitXMLReporter -->
<testsuite ignored="4" hostname="LAPTOP-RBDFPJS2" failures="0" tests="1" name="FirefoxTest" time="0.011" errors="0" timestamp="2023-02-12T18:55:40 IST">
  <testcase classname="TestNgPack1.HeenaKachhorAssertUse" name="@BeforeTest beforeTest" time="0.0">
    <failure type="java.lang.NullPointerException" message="Cannot invoke &amp;quot;org.openqa.selenium.WebDriver.manage()&amp;quot; because &amp;quot;this.driver&amp;quot; is null">
      <![CDATA[java.lang.NullPointerException: Cannot invoke "org.openqa.selenium.WebDriver.manage()" because "this.driver" is null
at TestNgPack1.HeenaKachhorAssertUse.beforeTest(HeenaKachhorAssertUse.java:53)
... Removed 22 stack frames]]>
    </failure>
  </testcase> <!-- @BeforeTest beforeTest -->
  <testcase classname="TestNgPack1.HeenaKachhorAssertUse" name="@BeforeClass createPOMObject" time="-1.676208340392E9">
    <skipped/>
  </testcase> <!-- @BeforeClass createPOMObject -->
  <testcase classname="TestNgPack1.HeenaKachhorAssertUse" name="@BeforeMethod beforeMethod" time="-1.676208340393E9">
    <skipped/>
  </testcase> <!-- @BeforeMethod beforeMethod -->
  <testcase classname="TestNgPack1.HeenaKachhorAssertUse" name="@AfterMethod afterMethod" time="-1.676208340396E9">
    <skipped/>
  </testcase> <!-- @AfterMethod afterMethod -->
  <testcase classname="TestNgPack1.HeenaKachhorAssertUse" name="@AfterClass nullObject" time="-1.676208340397E9">
    <skipped/>
  </testcase> <!-- @AfterClass nullObject -->
  <testcase classname="TestNgPack1.HeenaKachhorAssertUse" name="@AfterTest afterTest" time="-1.676208340399E9">
    <skipped/>
  </testcase> <!-- @AfterTest afterTest -->
  <testcase classname="TestNgPack1.HeenaKachhorAssertUse" name="test1" time="0.0">
    <skipped/>
  </testcase> <!-- test1 -->
  <testcase classname="TestNgPack1.HeenaKachhorAssertUse" name="test5" time="0.0">
    <ignored/>
  </testcase> <!-- test5 -->
  <testcase classname="TestNgPack1.HeenaKachhorAssertUse" name="test2" time="0.0">
    <ignored/>
  </testcase> <!-- test2 -->
  <testcase classname="TestNgPack1.HeenaKachhorAssertUse" name="test3" time="0.0">
    <ignored/>
  </testcase> <!-- test3 -->
  <testcase classname="TestNgPack1.HeenaKachhorAssertUse" name="test4" time="0.0">
    <ignored/>
  </testcase> <!-- test4 -->
</testsuite> <!-- FirefoxTest -->
